<?xml version="1.0" encoding="UTF-8"?>
<testsuite xmlns:xsi="http://www.w3.org/2001/XMLSchema-instance" xsi:schemaLocation="https://maven.apache.org/surefire/maven-surefire-plugin/xsd/surefire-test-report.xsd" name="com.rest.jersey.client.EmployeeClientTest" time="10.142" tests="4" errors="4" skipped="0" failures="0">
  <properties>
[...]
</properties>
  <testcase name="testAdd" classname="com.rest.jersey.client.EmployeeClientTest" time="3.753">
    <error message="java.net.ConnectException: Connection refused: connect" type="javax.ws.rs.ProcessingException">javax.ws.rs.ProcessingException: java.net.ConnectException: Connection refused: connect
	at com.rest.jersey.client.EmployeeClientTest.testAdd(EmployeeClientTest.java:46)
Caused by: java.net.ConnectException: Connection refused: connect
	at com.rest.jersey.client.EmployeeClientTest.testAdd(EmployeeClientTest.java:46)
</error>
  </testcase>
  <testcase name="getEmp" classname="com.rest.jersey.client.EmployeeClientTest" time="2.072">
    <error message="java.net.ConnectException: Connection refused: connect" type="javax.ws.rs.ProcessingException">javax.ws.rs.ProcessingException: java.net.ConnectException: Connection refused: connect
	at com.rest.jersey.client.EmployeeClientTest.getEmp(EmployeeClientTest.java:15)
Caused by: java.net.ConnectException: Connection refused: connect
	at com.rest.jersey.client.EmployeeClientTest.getEmp(EmployeeClientTest.java:15)
</error>
  </testcase>
  <testcase name="getAllEmp" classname="com.rest.jersey.client.EmployeeClientTest" time="2.064">
    <error message="java.net.ConnectException: Connection refused: connect" type="javax.ws.rs.ProcessingException">javax.ws.rs.ProcessingException: java.net.ConnectException: Connection refused: connect
	at com.rest.jersey.client.EmployeeClientTest.getAllEmp(EmployeeClientTest.java:22)
Caused by: java.net.ConnectException: Connection refused: connect
	at com.rest.jersey.client.EmployeeClientTest.getAllEmp(EmployeeClientTest.java:22)
</error>
  </testcase>
  <testcase name="testDelete" classname="com.rest.jersey.client.EmployeeClientTest" time="2.073">
    <error message="java.net.ConnectException: Connection refused: connect" type="javax.ws.rs.ProcessingException">javax.ws.rs.ProcessingException: java.net.ConnectException: Connection refused: connect
	at com.rest.jersey.client.EmployeeClientTest.testDelete(EmployeeClientTest.java:30)
Caused by: java.net.ConnectException: Connection refused: connect
	at com.rest.jersey.client.EmployeeClientTest.testDelete(EmployeeClientTest.java:30)
</error>
  </testcase>
</testsuite>